dh_auto_configure
dh_auto_build
dh_auto_test
dh_prep
dh_installdirs
dh_auto_install
dh_install
dh_installdocs
dh_installchangelogs
dh_installexamples
dh_installman
dh_installcatalogs
dh_installcron
dh_installdebconf
dh_installemacsen
dh_installifupdown
dh_installinfo
dh_pysupport
override_dh_installinit dh_installinit
override_dh_installinit dh_installinit
override_dh_installinit dh_installinit
dh_installinit
dh_installmenu
dh_installmime
dh_installmodules
dh_installlogcheck
dh_installlogrotate
dh_installpam
dh_installppp
dh_installudev
dh_installwm
dh_installxfonts
dh_installgsettings
dh_bugfiles
dh_ucf
dh_lintian
dh_gconf
dh_icons
dh_perl
dh_usrlocal
dh_link
dh_compress
dh_fixperms
dh_installdeb
dh_gencontrol
dh_md5sums
dh_builddeb
dh_builddeb
